--------------------------------------------------------------------------------
Release 14.7 Trace  (nt64)
Copyright (c) 1995-2013 Xilinx, Inc.  All rights reserved.

D:\ISE\14.7\ISE_DS\ISE\bin\nt64\unwrapped\trce.exe -intstyle ise -v 3 -s 3 -n 3
-fastpaths -xml KTANE_Main.twx KTANE_Main.ncd -o KTANE_Main.twr KTANE_Main.pcf
-ucf KTANE_Main.ucf

Design file:              KTANE_Main.ncd
Physical constraint file: KTANE_Main.pcf
Device,package,speed:     xc6slx9,tqg144,C,-3 (PRODUCTION 1.23 2013-10-13)
Report level:             verbose report

Environment Variable      Effect 
--------------------      ------ 
NONE                      No environment variables were set
--------------------------------------------------------------------------------

INFO:Timing:2698 - No timing constraints found, doing default enumeration.
INFO:Timing:3412 - To improve timing, see the Timing Closure User Guide (UG612).
INFO:Timing:2752 - To get complete path coverage, use the unconstrained paths 
   option. All paths that are not constrained will be reported in the 
   unconstrained paths section(s) of the report.
INFO:Timing:3339 - The clock-to-out numbers in this timing report are based on 
   a 50 Ohm transmission line loading model.  For the details of this model, 
   and for more information on accounting for different loading conditions, 
   please see the device datasheet.



Data Sheet report:
-----------------
All values displayed in nanoseconds (ns)

Setup/Hold to clock clk
-----------------+------------+------------+------------+------------+------------------+--------+
                 |Max Setup to|  Process   |Max Hold to |  Process   |                  | Clock  |
Source           | clk (edge) |   Corner   | clk (edge) |   Corner   |Internal Clock(s) | Phase  |
-----------------+------------+------------+------------+------------+------------------+--------+
reset            |    1.198(R)|      SLOW  |   -0.303(R)|      SLOW  |clk_BUFGP         |   0.000|
start            |    1.272(R)|      SLOW  |   -0.353(R)|      SLOW  |clk_BUFGP         |   0.000|
toggleTimerSerial|    1.123(R)|      SLOW  |   -0.239(R)|      SLOW  |clk_BUFGP         |   0.000|
win<0>           |    2.932(R)|      SLOW  |   -1.541(R)|      FAST  |clk_BUFGP         |   0.000|
win<1>           |    2.811(R)|      SLOW  |   -1.418(R)|      FAST  |clk_BUFGP         |   0.000|
win<2>           |    2.660(R)|      SLOW  |   -1.356(R)|      FAST  |clk_BUFGP         |   0.000|
win<3>           |    2.917(R)|      SLOW  |   -1.511(R)|      FAST  |clk_BUFGP         |   0.000|
win<4>           |    2.466(R)|      SLOW  |   -1.234(R)|      FAST  |clk_BUFGP         |   0.000|
-----------------+------------+------------+------------+------------+------------------+--------+

Clock clk to Pad
-----------------+-----------------+------------+-----------------+------------+------------------+--------+
                 |Max (slowest) clk|  Process   |Min (fastest) clk|  Process   |                  | Clock  |
Destination      |  (edge) to PAD  |   Corner   |  (edge) to PAD  |   Corner   |Internal Clock(s) | Phase  |
-----------------+-----------------+------------+-----------------+------------+------------------+--------+
enableGame<0>    |         6.628(R)|      SLOW  |         3.319(R)|      FAST  |clk_BUFGP         |   0.000|
enableGame<1>    |         7.852(R)|      SLOW  |         4.047(R)|      FAST  |clk_BUFGP         |   0.000|
enableGame<2>    |         8.015(R)|      SLOW  |         4.146(R)|      FAST  |clk_BUFGP         |   0.000|
enableGame<3>    |         8.039(R)|      SLOW  |         4.158(R)|      FAST  |clk_BUFGP         |   0.000|
enableGame<4>    |         8.202(R)|      SLOW  |         4.257(R)|      FAST  |clk_BUFGP         |   0.000|
randomMode<0>    |         9.183(R)|      SLOW  |         4.911(R)|      FAST  |clk_BUFGP         |   0.000|
randomMode<1>    |         9.246(R)|      SLOW  |         4.971(R)|      FAST  |clk_BUFGP         |   0.000|
randomMode<2>    |         9.265(R)|      SLOW  |         5.049(R)|      FAST  |clk_BUFGP         |   0.000|
randomMode<3>    |         9.191(R)|      SLOW  |         4.936(R)|      FAST  |clk_BUFGP         |   0.000|
randomMode<4>    |         9.293(R)|      SLOW  |         5.009(R)|      FAST  |clk_BUFGP         |   0.000|
randomMode<5>    |         9.131(R)|      SLOW  |         4.869(R)|      FAST  |clk_BUFGP         |   0.000|
randomMode<6>    |         9.178(R)|      SLOW  |         4.932(R)|      FAST  |clk_BUFGP         |   0.000|
randomMode<7>    |         9.420(R)|      SLOW  |         5.093(R)|      FAST  |clk_BUFGP         |   0.000|
resetModule<0>   |         6.800(R)|      SLOW  |         3.417(R)|      FAST  |clk_BUFGP         |   0.000|
resetModule<1>   |         7.769(R)|      SLOW  |         4.006(R)|      FAST  |clk_BUFGP         |   0.000|
resetModule<2>   |         7.935(R)|      SLOW  |         4.108(R)|      FAST  |clk_BUFGP         |   0.000|
resetModule<3>   |         8.101(R)|      SLOW  |         4.210(R)|      FAST  |clk_BUFGP         |   0.000|
resetModule<4>   |         8.262(R)|      SLOW  |         4.307(R)|      FAST  |clk_BUFGP         |   0.000|
segment_common<0>|         7.009(R)|      SLOW  |         3.569(R)|      FAST  |clk_BUFGP         |   0.000|
segment_common<1>|         7.419(R)|      SLOW  |         3.814(R)|      FAST  |clk_BUFGP         |   0.000|
segment_common<2>|         7.442(R)|      SLOW  |         3.868(R)|      FAST  |clk_BUFGP         |   0.000|
segment_common<3>|         7.594(R)|      SLOW  |         3.946(R)|      FAST  |clk_BUFGP         |   0.000|
segment_out<0>   |         6.956(R)|      SLOW  |         3.542(R)|      FAST  |clk_BUFGP         |   0.000|
segment_out<1>   |         6.999(R)|      SLOW  |         3.543(R)|      FAST  |clk_BUFGP         |   0.000|
segment_out<2>   |         6.624(R)|      SLOW  |         3.314(R)|      FAST  |clk_BUFGP         |   0.000|
segment_out<3>   |         7.596(R)|      SLOW  |         3.887(R)|      FAST  |clk_BUFGP         |   0.000|
segment_out<4>   |         7.903(R)|      SLOW  |         4.104(R)|      FAST  |clk_BUFGP         |   0.000|
segment_out<5>   |         7.930(R)|      SLOW  |         4.129(R)|      FAST  |clk_BUFGP         |   0.000|
segment_out<6>   |         7.980(R)|      SLOW  |         4.192(R)|      FAST  |clk_BUFGP         |   0.000|
segment_out<7>   |         7.988(R)|      SLOW  |         4.195(R)|      FAST  |clk_BUFGP         |   0.000|
-----------------+-----------------+------------+-----------------+------------+------------------+--------+

Clock strike<0> to Pad
------------+-----------------+------------+-----------------+------------+---------------------+--------+
            |Max (slowest) clk|  Process   |Min (fastest) clk|  Process   |                     | Clock  |
Destination |  (edge) to PAD  |   Corner   |  (edge) to PAD  |   Corner   |Internal Clock(s)    | Phase  |
------------+-----------------+------------+-----------------+------------+---------------------+--------+
strikeLED<0>|        10.632(R)|      SLOW  |         6.121(R)|      FAST  |StrikeResult/isStrike|   0.000|
strikeLED<1>|        10.857(R)|      SLOW  |         6.417(R)|      FAST  |StrikeResult/isStrike|   0.000|
------------+-----------------+------------+-----------------+------------+---------------------+--------+

Clock strike<1> to Pad
------------+-----------------+------------+-----------------+------------+---------------------+--------+
            |Max (slowest) clk|  Process   |Min (fastest) clk|  Process   |                     | Clock  |
Destination |  (edge) to PAD  |   Corner   |  (edge) to PAD  |   Corner   |Internal Clock(s)    | Phase  |
------------+-----------------+------------+-----------------+------------+---------------------+--------+
strikeLED<0>|        11.454(R)|      SLOW  |         6.628(R)|      FAST  |StrikeResult/isStrike|   0.000|
strikeLED<1>|        11.679(R)|      SLOW  |         6.924(R)|      FAST  |StrikeResult/isStrike|   0.000|
------------+-----------------+------------+-----------------+------------+---------------------+--------+

Clock strike<2> to Pad
------------+-----------------+------------+-----------------+------------+---------------------+--------+
            |Max (slowest) clk|  Process   |Min (fastest) clk|  Process   |                     | Clock  |
Destination |  (edge) to PAD  |   Corner   |  (edge) to PAD  |   Corner   |Internal Clock(s)    | Phase  |
------------+-----------------+------------+-----------------+------------+---------------------+--------+
strikeLED<0>|        11.381(R)|      SLOW  |         6.581(R)|      FAST  |StrikeResult/isStrike|   0.000|
strikeLED<1>|        11.606(R)|      SLOW  |         6.877(R)|      FAST  |StrikeResult/isStrike|   0.000|
------------+-----------------+------------+-----------------+------------+---------------------+--------+

Clock strike<3> to Pad
------------+-----------------+------------+-----------------+------------+---------------------+--------+
            |Max (slowest) clk|  Process   |Min (fastest) clk|  Process   |                     | Clock  |
Destination |  (edge) to PAD  |   Corner   |  (edge) to PAD  |   Corner   |Internal Clock(s)    | Phase  |
------------+-----------------+------------+-----------------+------------+---------------------+--------+
strikeLED<0>|        11.181(R)|      SLOW  |         6.473(R)|      FAST  |StrikeResult/isStrike|   0.000|
strikeLED<1>|        11.406(R)|      SLOW  |         6.769(R)|      FAST  |StrikeResult/isStrike|   0.000|
------------+-----------------+------------+-----------------+------------+---------------------+--------+

Clock strike<4> to Pad
------------+-----------------+------------+-----------------+------------+---------------------+--------+
            |Max (slowest) clk|  Process   |Min (fastest) clk|  Process   |                     | Clock  |
Destination |  (edge) to PAD  |   Corner   |  (edge) to PAD  |   Corner   |Internal Clock(s)    | Phase  |
------------+-----------------+------------+-----------------+------------+---------------------+--------+
strikeLED<0>|        11.248(R)|      SLOW  |         6.434(R)|      FAST  |StrikeResult/isStrike|   0.000|
strikeLED<1>|        11.473(R)|      SLOW  |         6.730(R)|      FAST  |StrikeResult/isStrike|   0.000|
------------+-----------------+------------+-----------------+------------+---------------------+--------+

Clock to Setup on destination clock clk
---------------+---------+---------+---------+---------+
               | Src:Rise| Src:Fall| Src:Rise| Src:Fall|
Source Clock   |Dest:Rise|Dest:Rise|Dest:Fall|Dest:Fall|
---------------+---------+---------+---------+---------+
clk            |    4.021|         |         |         |
strike<0>      |    7.062|         |         |         |
strike<1>      |    7.062|         |         |         |
strike<2>      |    7.062|         |         |         |
strike<3>      |    7.062|         |         |         |
strike<4>      |    7.062|         |         |         |
---------------+---------+---------+---------+---------+

Clock to Setup on destination clock strike<0>
---------------+---------+---------+---------+---------+
               | Src:Rise| Src:Fall| Src:Rise| Src:Fall|
Source Clock   |Dest:Rise|Dest:Rise|Dest:Fall|Dest:Fall|
---------------+---------+---------+---------+---------+
clk            |    5.645|         |         |         |
strike<0>      |    1.193|         |         |         |
strike<1>      |    1.193|         |         |         |
strike<2>      |    1.193|         |         |         |
strike<3>      |    1.193|         |         |         |
strike<4>      |    1.193|         |         |         |
---------------+---------+---------+---------+---------+

Clock to Setup on destination clock strike<1>
---------------+---------+---------+---------+---------+
               | Src:Rise| Src:Fall| Src:Rise| Src:Fall|
Source Clock   |Dest:Rise|Dest:Rise|Dest:Fall|Dest:Fall|
---------------+---------+---------+---------+---------+
clk            |    5.645|         |         |         |
strike<0>      |    1.193|         |         |         |
strike<1>      |    1.193|         |         |         |
strike<2>      |    1.193|         |         |         |
strike<3>      |    1.193|         |         |         |
strike<4>      |    1.193|         |         |         |
---------------+---------+---------+---------+---------+

Clock to Setup on destination clock strike<2>
---------------+---------+---------+---------+---------+
               | Src:Rise| Src:Fall| Src:Rise| Src:Fall|
Source Clock   |Dest:Rise|Dest:Rise|Dest:Fall|Dest:Fall|
---------------+---------+---------+---------+---------+
clk            |    5.645|         |         |         |
strike<0>      |    1.193|         |         |         |
strike<1>      |    1.193|         |         |         |
strike<2>      |    1.193|         |         |         |
strike<3>      |    1.193|         |         |         |
strike<4>      |    1.193|         |         |         |
---------------+---------+---------+---------+---------+

Clock to Setup on destination clock strike<3>
---------------+---------+---------+---------+---------+
               | Src:Rise| Src:Fall| Src:Rise| Src:Fall|
Source Clock   |Dest:Rise|Dest:Rise|Dest:Fall|Dest:Fall|
---------------+---------+---------+---------+---------+
clk            |    5.645|         |         |         |
strike<0>      |    1.193|         |         |         |
strike<1>      |    1.193|         |         |         |
strike<2>      |    1.193|         |         |         |
strike<3>      |    1.193|         |         |         |
strike<4>      |    1.193|         |         |         |
---------------+---------+---------+---------+---------+

Clock to Setup on destination clock strike<4>
---------------+---------+---------+---------+---------+
               | Src:Rise| Src:Fall| Src:Rise| Src:Fall|
Source Clock   |Dest:Rise|Dest:Rise|Dest:Fall|Dest:Fall|
---------------+---------+---------+---------+---------+
clk            |    5.645|         |         |         |
strike<0>      |    1.193|         |         |         |
strike<1>      |    1.193|         |         |         |
strike<2>      |    1.193|         |         |         |
strike<3>      |    1.193|         |         |         |
strike<4>      |    1.193|         |         |         |
---------------+---------+---------+---------+---------+


Analysis completed Sat Dec 12 16:40:12 2020 
--------------------------------------------------------------------------------

Trace Settings:
-------------------------
Trace Settings 

Peak Memory Usage: 4551 MB



