--------------------------------------------------------------------------------
Release 14.7 Trace  (nt64)
Copyright (c) 1995-2013 Xilinx, Inc.  All rights reserved.

D:\ISE\14.7\ISE_DS\ISE\bin\nt64\unwrapped\trce.exe -intstyle ise -v 3 -s 3 -n 3
-fastpaths -xml MainAndBigButtonWrapper.twx MainAndBigButtonWrapper.ncd -o
MainAndBigButtonWrapper.twr MainAndBigButtonWrapper.pcf -ucf
MainAndBigButtonWrapper.ucf

Design file:              MainAndBigButtonWrapper.ncd
Physical constraint file: MainAndBigButtonWrapper.pcf
Device,package,speed:     xc6slx9,tqg144,C,-3 (PRODUCTION 1.23 2013-10-13)
Report level:             verbose report

Environment Variable      Effect 
--------------------      ------ 
NONE                      No environment variables were set
--------------------------------------------------------------------------------

INFO:Timing:2698 - No timing constraints found, doing default enumeration.
INFO:Timing:3412 - To improve timing, see the Timing Closure User Guide (UG612).
INFO:Timing:2752 - To get complete path coverage, use the unconstrained paths 
   option. All paths that are not constrained will be reported in the 
   unconstrained paths section(s) of the report.
INFO:Timing:3339 - The clock-to-out numbers in this timing report are based on 
   a 50 Ohm transmission line loading model.  For the details of this model, 
   and for more information on accounting for different loading conditions, 
   please see the device datasheet.



Data Sheet report:
-----------------
All values displayed in nanoseconds (ns)

Setup/Hold to clock clk
-----------------+------------+------------+------------+------------+------------------+--------+
                 |Max Setup to|  Process   |Max Hold to |  Process   |                  | Clock  |
Source           | clk (edge) |   Corner   | clk (edge) |   Corner   |Internal Clock(s) | Phase  |
-----------------+------------+------------+------------+------------+------------------+--------+
button           |    0.332(R)|      FAST  |    0.571(R)|      SLOW  |clk_BUFGP         |   0.000|
reset            |    0.599(R)|      SLOW  |    0.253(R)|      SLOW  |clk_BUFGP         |   0.000|
start            |    0.740(R)|      SLOW  |    0.144(R)|      SLOW  |clk_BUFGP         |   0.000|
toggleTimerSerial|    0.930(R)|      SLOW  |   -0.054(R)|      SLOW  |clk_BUFGP         |   0.000|
win<0>           |    3.057(R)|      SLOW  |   -1.477(R)|      FAST  |clk_BUFGP         |   0.000|
win<1>           |    2.877(R)|      SLOW  |   -1.366(R)|      FAST  |clk_BUFGP         |   0.000|
win<2>           |    2.677(R)|      SLOW  |   -1.247(R)|      FAST  |clk_BUFGP         |   0.000|
win<3>           |    2.530(R)|      SLOW  |   -1.263(R)|      FAST  |clk_BUFGP         |   0.000|
-----------------+------------+------------+------------+------------+------------------+--------+

Clock clk to Pad
-----------------+-----------------+------------+-----------------+------------+------------------+--------+
                 |Max (slowest) clk|  Process   |Min (fastest) clk|  Process   |                  | Clock  |
Destination      |  (edge) to PAD  |   Corner   |  (edge) to PAD  |   Corner   |Internal Clock(s) | Phase  |
-----------------+-----------------+------------+-----------------+------------+------------------+--------+
enableGame<0>    |         6.874(R)|      SLOW  |         3.498(R)|      FAST  |clk_BUFGP         |   0.000|
enableGame<1>    |         6.931(R)|      SLOW  |         3.534(R)|      FAST  |clk_BUFGP         |   0.000|
enableGame<2>    |         7.069(R)|      SLOW  |         3.613(R)|      FAST  |clk_BUFGP         |   0.000|
enableGame<3>    |         7.158(R)|      SLOW  |         3.685(R)|      FAST  |clk_BUFGP         |   0.000|
randomMode<0>    |         7.317(R)|      SLOW  |         3.808(R)|      FAST  |clk_BUFGP         |   0.000|
randomMode<1>    |         7.325(R)|      SLOW  |         3.838(R)|      FAST  |clk_BUFGP         |   0.000|
randomMode<2>    |         7.515(R)|      SLOW  |         3.959(R)|      FAST  |clk_BUFGP         |   0.000|
randomMode<3>    |         7.382(R)|      SLOW  |         3.884(R)|      FAST  |clk_BUFGP         |   0.000|
randomMode<4>    |         7.383(R)|      SLOW  |         3.893(R)|      FAST  |clk_BUFGP         |   0.000|
randomMode<5>    |         7.386(R)|      SLOW  |         3.896(R)|      FAST  |clk_BUFGP         |   0.000|
resetModule<0>   |         8.169(R)|      SLOW  |         4.370(R)|      FAST  |clk_BUFGP         |   0.000|
resetModule<1>   |         8.102(R)|      SLOW  |         4.315(R)|      FAST  |clk_BUFGP         |   0.000|
resetModule<2>   |         7.723(R)|      SLOW  |         4.097(R)|      FAST  |clk_BUFGP         |   0.000|
resetModule<3>   |         7.941(R)|      SLOW  |         4.218(R)|      FAST  |clk_BUFGP         |   0.000|
segment_common<0>|         7.501(R)|      SLOW  |         3.947(R)|      FAST  |clk_BUFGP         |   0.000|
segment_common<1>|         7.117(R)|      SLOW  |         3.671(R)|      FAST  |clk_BUFGP         |   0.000|
segment_common<2>|         7.082(R)|      SLOW  |         3.668(R)|      FAST  |clk_BUFGP         |   0.000|
segment_common<3>|         7.048(R)|      SLOW  |         3.667(R)|      FAST  |clk_BUFGP         |   0.000|
segment_out<0>   |         7.346(R)|      SLOW  |         3.808(R)|      FAST  |clk_BUFGP         |   0.000|
segment_out<1>   |         7.459(R)|      SLOW  |         3.918(R)|      FAST  |clk_BUFGP         |   0.000|
segment_out<2>   |         7.547(R)|      SLOW  |         3.950(R)|      FAST  |clk_BUFGP         |   0.000|
segment_out<3>   |         7.631(R)|      SLOW  |         4.021(R)|      FAST  |clk_BUFGP         |   0.000|
segment_out<4>   |         7.152(R)|      SLOW  |         3.713(R)|      FAST  |clk_BUFGP         |   0.000|
segment_out<5>   |         7.206(R)|      SLOW  |         3.734(R)|      FAST  |clk_BUFGP         |   0.000|
segment_out<6>   |         7.456(R)|      SLOW  |         3.941(R)|      FAST  |clk_BUFGP         |   0.000|
segment_out<7>   |         7.268(R)|      SLOW  |         3.816(R)|      FAST  |clk_BUFGP         |   0.000|
winLED           |         8.380(R)|      SLOW  |         4.520(R)|      FAST  |clk_BUFGP         |   0.000|
-----------------+-----------------+------------+-----------------+------------+------------------+--------+

Clock strike<0> to Pad
------------+-----------------+------------+-----------------+------------+--------------------------+--------+
            |Max (slowest) clk|  Process   |Min (fastest) clk|  Process   |                          | Clock  |
Destination |  (edge) to PAD  |   Corner   |  (edge) to PAD  |   Corner   |Internal Clock(s)         | Phase  |
------------+-----------------+------------+-----------------+------------+--------------------------+--------+
strikeLED<0>|         9.384(R)|      SLOW  |         5.237(R)|      FAST  |Main/StrikeResult/isStrike|   0.000|
strikeLED<1>|         8.663(R)|      SLOW  |         4.956(R)|      FAST  |Main/StrikeResult/isStrike|   0.000|
------------+-----------------+------------+-----------------+------------+--------------------------+--------+

Clock strike<1> to Pad
------------+-----------------+------------+-----------------+------------+--------------------------+--------+
            |Max (slowest) clk|  Process   |Min (fastest) clk|  Process   |                          | Clock  |
Destination |  (edge) to PAD  |   Corner   |  (edge) to PAD  |   Corner   |Internal Clock(s)         | Phase  |
------------+-----------------+------------+-----------------+------------+--------------------------+--------+
strikeLED<0>|         9.367(R)|      SLOW  |         5.252(R)|      FAST  |Main/StrikeResult/isStrike|   0.000|
strikeLED<1>|         8.646(R)|      SLOW  |         4.971(R)|      FAST  |Main/StrikeResult/isStrike|   0.000|
------------+-----------------+------------+-----------------+------------+--------------------------+--------+

Clock strike<2> to Pad
------------+-----------------+------------+-----------------+------------+--------------------------+--------+
            |Max (slowest) clk|  Process   |Min (fastest) clk|  Process   |                          | Clock  |
Destination |  (edge) to PAD  |   Corner   |  (edge) to PAD  |   Corner   |Internal Clock(s)         | Phase  |
------------+-----------------+------------+-----------------+------------+--------------------------+--------+
strikeLED<0>|         9.556(R)|      SLOW  |         5.345(R)|      FAST  |Main/StrikeResult/isStrike|   0.000|
strikeLED<1>|         8.835(R)|      SLOW  |         5.064(R)|      FAST  |Main/StrikeResult/isStrike|   0.000|
------------+-----------------+------------+-----------------+------------+--------------------------+--------+

Clock strike<3> to Pad
------------+-----------------+------------+-----------------+------------+--------------------------+--------+
            |Max (slowest) clk|  Process   |Min (fastest) clk|  Process   |                          | Clock  |
Destination |  (edge) to PAD  |   Corner   |  (edge) to PAD  |   Corner   |Internal Clock(s)         | Phase  |
------------+-----------------+------------+-----------------+------------+--------------------------+--------+
strikeLED<0>|         9.245(R)|      SLOW  |         5.139(R)|      FAST  |Main/StrikeResult/isStrike|   0.000|
strikeLED<1>|         8.524(R)|      SLOW  |         4.858(R)|      FAST  |Main/StrikeResult/isStrike|   0.000|
------------+-----------------+------------+-----------------+------------+--------------------------+--------+

Clock to Setup on destination clock clk
---------------+---------+---------+---------+---------+
               | Src:Rise| Src:Fall| Src:Rise| Src:Fall|
Source Clock   |Dest:Rise|Dest:Rise|Dest:Fall|Dest:Fall|
---------------+---------+---------+---------+---------+
clk            |    3.358|         |         |         |
strike<0>      |    4.831|         |         |         |
strike<1>      |    4.831|         |         |         |
strike<2>      |    4.831|         |         |         |
strike<3>      |    4.831|         |         |         |
---------------+---------+---------+---------+---------+

Clock to Setup on destination clock strike<0>
---------------+---------+---------+---------+---------+
               | Src:Rise| Src:Fall| Src:Rise| Src:Fall|
Source Clock   |Dest:Rise|Dest:Rise|Dest:Fall|Dest:Fall|
---------------+---------+---------+---------+---------+
clk            |    3.846|         |         |         |
strike<0>      |    1.078|         |         |         |
strike<1>      |    1.078|         |         |         |
strike<2>      |    1.078|         |         |         |
strike<3>      |    1.078|         |         |         |
---------------+---------+---------+---------+---------+

Clock to Setup on destination clock strike<1>
---------------+---------+---------+---------+---------+
               | Src:Rise| Src:Fall| Src:Rise| Src:Fall|
Source Clock   |Dest:Rise|Dest:Rise|Dest:Fall|Dest:Fall|
---------------+---------+---------+---------+---------+
clk            |    3.846|         |         |         |
strike<0>      |    1.078|         |         |         |
strike<1>      |    1.078|         |         |         |
strike<2>      |    1.078|         |         |         |
strike<3>      |    1.078|         |         |         |
---------------+---------+---------+---------+---------+

Clock to Setup on destination clock strike<2>
---------------+---------+---------+---------+---------+
               | Src:Rise| Src:Fall| Src:Rise| Src:Fall|
Source Clock   |Dest:Rise|Dest:Rise|Dest:Fall|Dest:Fall|
---------------+---------+---------+---------+---------+
clk            |    3.846|         |         |         |
strike<0>      |    1.078|         |         |         |
strike<1>      |    1.078|         |         |         |
strike<2>      |    1.078|         |         |         |
strike<3>      |    1.078|         |         |         |
---------------+---------+---------+---------+---------+

Clock to Setup on destination clock strike<3>
---------------+---------+---------+---------+---------+
               | Src:Rise| Src:Fall| Src:Rise| Src:Fall|
Source Clock   |Dest:Rise|Dest:Rise|Dest:Fall|Dest:Fall|
---------------+---------+---------+---------+---------+
clk            |    3.846|         |         |         |
strike<0>      |    1.078|         |         |         |
strike<1>      |    1.078|         |         |         |
strike<2>      |    1.078|         |         |         |
strike<3>      |    1.078|         |         |         |
---------------+---------+---------+---------+---------+


Analysis completed Sun Dec 13 19:29:16 2020 
--------------------------------------------------------------------------------

Trace Settings:
-------------------------
Trace Settings 

Peak Memory Usage: 4551 MB



