Release 14.7 - xst P.20131013 (nt64)
Copyright (c) 1995-2013 Xilinx, Inc.  All rights reserved.
--> Parameter TMPDIR set to xst/projnav.tmp


Total REAL time to Xst completion: 0.00 secs
Total CPU time to Xst completion: 0.08 secs
 
--> Parameter xsthdpdir set to xst


Total REAL time to Xst completion: 0.00 secs
Total CPU time to Xst completion: 0.08 secs
 
--> Reading design: MainAndBigButtonWrapper.prj

TABLE OF CONTENTS
  1) Synthesis Options Summary
  2) HDL Parsing
  3) HDL Elaboration
  4) HDL Synthesis
       4.1) HDL Synthesis Report
  5) Advanced HDL Synthesis
       5.1) Advanced HDL Synthesis Report
  6) Low Level Synthesis
  7) Partition Report
  8) Design Summary
       8.1) Primitive and Black Box Usage
       8.2) Device utilization summary
       8.3) Partition Resource Summary
       8.4) Timing Report
            8.4.1) Clock Information
            8.4.2) Asynchronous Control Signals Information
            8.4.3) Timing Summary
            8.4.4) Timing Details
            8.4.5) Cross Clock Domains Report


=========================================================================
*                      Synthesis Options Summary                        *
=========================================================================
---- Source Parameters
Input File Name                    : "MainAndBigButtonWrapper.prj"
Ignore Synthesis Constraint File   : NO

---- Target Parameters
Output File Name                   : "MainAndBigButtonWrapper"
Output Format                      : NGC
Target Device                      : xc6slx9-3-tqg144

---- Source Options
Top Module Name                    : MainAndBigButtonWrapper
Automatic FSM Extraction           : YES
FSM Encoding Algorithm             : Auto
Safe Implementation                : No
FSM Style                          : LUT
RAM Extraction                     : Yes
RAM Style                          : Auto
ROM Extraction                     : Yes
Shift Register Extraction          : YES
ROM Style                          : Auto
Resource Sharing                   : YES
Asynchronous To Synchronous        : NO
Shift Register Minimum Size        : 2
Use DSP Block                      : Auto
Automatic Register Balancing       : No

---- Target Options
LUT Combining                      : Auto
Reduce Control Sets                : Auto
Add IO Buffers                     : YES
Global Maximum Fanout              : 100000
Add Generic Clock Buffer(BUFG)     : 16
Register Duplication               : YES
Optimize Instantiated Primitives   : NO
Use Clock Enable                   : Auto
Use Synchronous Set                : Auto
Use Synchronous Reset              : Auto
Pack IO Registers into IOBs        : Auto
Equivalent register Removal        : YES

---- General Options
Optimization Goal                  : Speed
Optimization Effort                : 1
Power Reduction                    : NO
Keep Hierarchy                     : No
Netlist Hierarchy                  : As_Optimized
RTL Output                         : Yes
Global Optimization                : AllClockNets
Read Cores                         : YES
Write Timing Constraints           : NO
Cross Clock Analysis               : NO
Hierarchy Separator                : /
Bus Delimiter                      : <>
Case Specifier                     : Maintain
Slice Utilization Ratio            : 100
BRAM Utilization Ratio             : 100
DSP48 Utilization Ratio            : 100
Auto BRAM Packing                  : NO
Slice Utilization Ratio Delta      : 5

=========================================================================


=========================================================================
*                          HDL Parsing                                  *
=========================================================================
Parsing VHDL file "C:\Users\Predator\Desktop\Learning Resources\DigitalSystem\KTANE_Main\ClockDivider20M.vhd" into library work
Parsing entity <ClockDivider20M>.
Parsing architecture <Behavioral> of entity <clockdivider20m>.
Parsing VHDL file "C:\Users\Predator\Desktop\Learning Resources\DigitalSystem\KTANE_Main\ClockDivider100K.vhd" into library work
Parsing entity <ClockDivider100K>.
Parsing architecture <Behavioral> of entity <clockdivider100k>.
Parsing VHDL file "C:\Users\Predator\Desktop\Learning Resources\DigitalSystem\KTANE_Main\SegmentTimerMultiplexer.vhd" into library work
Parsing entity <SegmentTimerMultiplexer>.
Parsing architecture <Behavioral> of entity <segmenttimermultiplexer>.
Parsing VHDL file "C:\Users\Predator\Desktop\Learning Resources\DigitalSystem\KTANE_Main\SegmentSerialMultiplexer.vhd" into library work
Parsing entity <SegmentSerialMultiplexer>.
Parsing architecture <Behavioral> of entity <segmentserialmultiplexer>.
Parsing VHDL file "C:\Users\Predator\Desktop\Learning Resources\DigitalSystem\KTANE_Main\CountdownTimer_130.vhd" into library work
Parsing entity <CountdownTimer_130>.
Parsing architecture <Behavioral> of entity <countdowntimer_130>.
Parsing VHDL file "C:\Users\Predator\Desktop\Learning Resources\DigitalSystem\KTANE_Main\CharacterIn7Seg.vhd" into library work
Parsing entity <CharacterIn7Seg>.
Parsing architecture <Behavioral> of entity <characterin7seg>.
Parsing VHDL file "C:\Users\Predator\Desktop\Learning Resources\DigitalSystem\KTANE_Main\BCDto7Seg.vhd" into library work
Parsing entity <BCDto7Seg>.
Parsing architecture <Behavioral> of entity <bcdto7seg>.
Parsing VHDL file "C:\Users\Predator\Desktop\Learning Resources\DigitalSystem\KTANE_Main\WinSegmentDisplay.vhd" into library work
Parsing entity <WinSegmentDisplay>.
Parsing architecture <Behavioral> of entity <winsegmentdisplay>.
Parsing VHDL file "C:\Users\Predator\Desktop\Learning Resources\DigitalSystem\KTANE_Main\WinChecker.vhd" into library work
Parsing entity <WinChecker>.
Parsing architecture <Behavioral> of entity <winchecker>.
Parsing VHDL file "C:\Users\Predator\Desktop\Learning Resources\DigitalSystem\KTANE_Main\StrikeCounter.vhd" into library work
Parsing entity <StrikeCounter>.
Parsing architecture <Behavioral> of entity <strikecounter>.
Parsing VHDL file "C:\Users\Predator\Desktop\Learning Resources\DigitalSystem\KTANE_Main\SegmentSerialDisplay.vhd" into library work
Parsing entity <SegmentSerialDisplay>.
Parsing architecture <Behavioral> of entity <segmentserialdisplay>.
Parsing VHDL file "C:\Users\Predator\Desktop\Learning Resources\DigitalSystem\KTANE_Main\SegmentDisplay.vhd" into library work
Parsing entity <SegmentDisplay>.
Parsing architecture <Behavioral> of entity <segmentdisplay>.
Parsing VHDL file "C:\Users\Predator\Desktop\Learning Resources\DigitalSystem\KTANE_Main\Oneshot.vhd" into library work
Parsing entity <Oneshot>.
Parsing architecture <Behavioral> of entity <oneshot>.
Parsing VHDL file "C:\Users\Predator\Desktop\Learning Resources\DigitalSystem\KTANE_Main\LoseSegmentDisplay.vhd" into library work
Parsing entity <LoseSegmentDisplay>.
Parsing architecture <Behavioral> of entity <losesegmentdisplay>.
Parsing VHDL file "C:\Users\Predator\Desktop\Learning Resources\DigitalSystem\KTANE_Main\LFSRRandomNumberGenerator.vhd" into library work
Parsing entity <LFSRRandom>.
Parsing architecture <Behavioral> of entity <lfsrrandom>.
Parsing VHDL file "C:\Users\Predator\Desktop\Learning Resources\DigitalSystem\KTANE_Main\DebounceButton.vhd" into library work
Parsing entity <DebounceButton>.
Parsing architecture <Behavioral> of entity <debouncebutton>.
Parsing VHDL file "C:\Users\Predator\Desktop\Learning Resources\DigitalSystem\KTANE_Main\KTANE_Main.vhd" into library work
Parsing entity <KTANE_Main>.
Parsing architecture <Behavioral> of entity <ktane_main>.
Parsing VHDL file "C:\Users\Predator\Desktop\Learning Resources\DigitalSystem\KTANE_Main\KTANE_BigButton.vhd" into library work
Parsing entity <KTANE_BigButton>.
Parsing architecture <Behavioral> of entity <ktane_bigbutton>.
Parsing VHDL file "C:\Users\Predator\Desktop\Learning Resources\DigitalSystem\KTANE_Main\MainAndBigButtonWrapper.vhd" into library work
Parsing entity <MainAndBigButtonWrapper>.
Parsing architecture <Behavioral> of entity <mainandbigbuttonwrapper>.

=========================================================================
*                            HDL Elaboration                            *
=========================================================================

Elaborating entity <MainAndBigButtonWrapper> (architecture <Behavioral>) from library <work>.

Elaborating entity <KTANE_BigButton> (architecture <Behavioral>) from library <work>.

Elaborating entity <DebounceButton> (architecture <Behavioral>) from library <work>.

Elaborating entity <Oneshot> (architecture <Behavioral>) from library <work>.

Elaborating entity <ClockDivider100K> (architecture <Behavioral>) from library <work>.

Elaborating entity <KTANE_Main> (architecture <Behavioral>) from library <work>.

Elaborating entity <SegmentDisplay> (architecture <Behavioral>) from library <work>.

Elaborating entity <CountdownTimer_130> (architecture <Behavioral>) from library <work>.

Elaborating entity <ClockDivider20M> (architecture <Behavioral>) from library <work>.

Elaborating entity <BCDto7Seg> (architecture <Behavioral>) from library <work>.

Elaborating entity <SegmentTimerMultiplexer> (architecture <Behavioral>) from library <work>.

Elaborating entity <SegmentSerialDisplay> (architecture <Behavioral>) from library <work>.

Elaborating entity <CharacterIn7Seg> (architecture <Behavioral>) from library <work>.

Elaborating entity <SegmentSerialMultiplexer> (architecture <Behavioral>) from library <work>.

Elaborating entity <StrikeCounter> (architecture <Behavioral>) from library <work>.

Elaborating entity <WinChecker> (architecture <Behavioral>) from library <work>.

Elaborating entity <LFSRRandom> (architecture <Behavioral>) from library <work>.

Elaborating entity <WinSegmentDisplay> (architecture <Behavioral>) from library <work>.

Elaborating entity <LoseSegmentDisplay> (architecture <Behavioral>) from library <work>.

=========================================================================
*                           HDL Synthesis                               *
=========================================================================

Synthesizing Unit <MainAndBigButtonWrapper>.
    Related source file is "C:\Users\Predator\Desktop\Learning Resources\DigitalSystem\KTANE_Main\MainAndBigButtonWrapper.vhd".
    Summary:
	no macro.
Unit <MainAndBigButtonWrapper> synthesized.

Synthesizing Unit <KTANE_BigButton>.
    Related source file is "C:\Users\Predator\Desktop\Learning Resources\DigitalSystem\KTANE_Main\KTANE_BigButton.vhd".
    Found 5-bit register for signal <currentState>.
    Found 1-bit register for signal <win>.
    Found 1-bit register for signal <winLED>.
    Found 1-bit register for signal <trigger>.
    Found finite state machine <FSM_0> for signal <currentState>.
    -----------------------------------------------------------------------
    | States             | 5                                              |
    | Transitions        | 15                                             |
    | Inputs             | 5                                              |
    | Outputs            | 2                                              |
    | Clock              | clk (rising_edge)                              |
    | Reset              | reset (positive)                               |
    | Reset type         | asynchronous                                   |
    | Reset State        | 00001                                          |
    | Power Up State     | 00001                                          |
    | Encoding           | auto                                           |
    | Implementation     | LUT                                            |
    -----------------------------------------------------------------------
    Found 4-bit comparator equal for signal <winCondition[3]_sec_in[3]_equal_4_o> created at line 143
    Summary:
	inferred   3 D-type flip-flop(s).
	inferred   1 Comparator(s).
	inferred   1 Finite State Machine(s).
Unit <KTANE_BigButton> synthesized.

Synthesizing Unit <DebounceButton>.
    Related source file is "C:\Users\Predator\Desktop\Learning Resources\DigitalSystem\KTANE_Main\DebounceButton.vhd".
    Found 1-bit register for signal <d2>.
    Found 1-bit register for signal <d3>.
    Found 1-bit register for signal <d4>.
    Found 1-bit register for signal <d5>.
    Found 1-bit register for signal <d6>.
    Found 1-bit register for signal <d7>.
    Found 1-bit register for signal <d8>.
    Found 1-bit register for signal <d9>.
    Found 1-bit register for signal <d10>.
    Found 1-bit register for signal <d1>.
    Summary:
	inferred  10 D-type flip-flop(s).
Unit <DebounceButton> synthesized.

Synthesizing Unit <Oneshot>.
    Related source file is "C:\Users\Predator\Desktop\Learning Resources\DigitalSystem\KTANE_Main\Oneshot.vhd".
    Found 1-bit register for signal <d2>.
    Found 1-bit register for signal <d1>.
    Summary:
	inferred   2 D-type flip-flop(s).
Unit <Oneshot> synthesized.

Synthesizing Unit <ClockDivider100K>.
    Related source file is "C:\Users\Predator\Desktop\Learning Resources\DigitalSystem\KTANE_Main\ClockDivider100K.vhd".
    Found 16-bit register for signal <count>.
    Found 1-bit register for signal <tmp>.
    Found 16-bit adder for signal <count[15]_GND_7_o_add_1_OUT> created at line 54.
    Summary:
	inferred   1 Adder/Subtractor(s).
	inferred  17 D-type flip-flop(s).
	inferred   1 Multiplexer(s).
Unit <ClockDivider100K> synthesized.

Synthesizing Unit <KTANE_Main>.
    Related source file is "C:\Users\Predator\Desktop\Learning Resources\DigitalSystem\KTANE_Main\KTANE_Main.vhd".
    Found 5-bit register for signal <resetModule>.
    Found 1-bit register for signal <buzzer>.
    Found 5-bit register for signal <enableGame>.
    Found 5-bit register for signal <currentState>.
    Found 1-bit register for signal <startRandom>.
    Found 8-bit register for signal <segment_out>.
    Found 4-bit register for signal <segment_common>.
    Found 1-bit register for signal <lossReset>.
    Found 1-bit register for signal <ce>.
    Found finite state machine <FSM_1> for signal <currentState>.
    -----------------------------------------------------------------------
    | States             | 5                                              |
    | Transitions        | 12                                             |
    | Inputs             | 4                                              |
    | Outputs            | 18                                             |
    | Clock              | clk (rising_edge)                              |
    | Reset              | debouncedReset (positive)                      |
    | Reset type         | asynchronous                                   |
    | Reset State        | 00001                                          |
    | Power Up State     | 00001                                          |
    | Encoding           | auto                                           |
    | Implementation     | LUT                                            |
    -----------------------------------------------------------------------
    Found 4x2-bit Read Only RAM for signal <strikeLED>
    Found 2-bit comparator lessequal for signal <n0034> created at line 329
    Summary:
	inferred   1 RAM(s).
	inferred  26 D-type flip-flop(s).
	inferred   1 Comparator(s).
	inferred   8 Multiplexer(s).
	inferred   1 Finite State Machine(s).
Unit <KTANE_Main> synthesized.

Synthesizing Unit <SegmentDisplay>.
    Related source file is "C:\Users\Predator\Desktop\Learning Resources\DigitalSystem\KTANE_Main\SegmentDisplay.vhd".
    Summary:
	no macro.
Unit <SegmentDisplay> synthesized.

Synthesizing Unit <CountdownTimer_130>.
    Related source file is "C:\Users\Predator\Desktop\Learning Resources\DigitalSystem\KTANE_Main\CountdownTimer_130.vhd".
    Found 4-bit register for signal <min>.
    Found 4-bit register for signal <sec2>.
    Found 4-bit register for signal <sec1>.
    Found 1-bit register for signal <tc>.
    Found finite state machine <FSM_2> for signal <min>.
    -----------------------------------------------------------------------
    | States             | 2                                              |
    | Transitions        | 8                                              |
    | Inputs             | 3                                              |
    | Outputs            | 8                                              |
    | Clock              | dividedClk (falling_edge)                      |
    | Reset              | reset (positive)                               |
    | Reset type         | asynchronous                                   |
    | Reset State        | 0001                                           |
    | Power Up State     | 0001                                           |
    | Encoding           | auto                                           |
    | Implementation     | LUT                                            |
    -----------------------------------------------------------------------
    Found 4-bit subtractor for signal <GND_14_o_GND_14_o_sub_7_OUT<3:0>> created at line 88.
    Found 4-bit subtractor for signal <GND_14_o_GND_14_o_sub_14_OUT<3:0>> created at line 97.
    Summary:
	inferred   2 Adder/Subtractor(s).
	inferred   9 D-type flip-flop(s).
	inferred   5 Multiplexer(s).
	inferred   1 Finite State Machine(s).
Unit <CountdownTimer_130> synthesized.

Synthesizing Unit <ClockDivider20M>.
    Related source file is "C:\Users\Predator\Desktop\Learning Resources\DigitalSystem\KTANE_Main\ClockDivider20M.vhd".
    Found 24-bit register for signal <count>.
    Found 1-bit register for signal <tmp>.
    Found 24-bit adder for signal <count[23]_GND_15_o_add_1_OUT> created at line 54.
    Summary:
	inferred   1 Adder/Subtractor(s).
	inferred  25 D-type flip-flop(s).
	inferred   1 Multiplexer(s).
Unit <ClockDivider20M> synthesized.

Synthesizing Unit <BCDto7Seg>.
    Related source file is "C:\Users\Predator\Desktop\Learning Resources\DigitalSystem\KTANE_Main\BCDto7Seg.vhd".
    Found 16x8-bit Read Only RAM for signal <segments>
    Summary:
	inferred   1 RAM(s).
Unit <BCDto7Seg> synthesized.

Synthesizing Unit <SegmentTimerMultiplexer>.
    Related source file is "C:\Users\Predator\Desktop\Learning Resources\DigitalSystem\KTANE_Main\SegmentTimerMultiplexer.vhd".
    Found 2-bit register for signal <count>.
    Found 2-bit adder for signal <count[1]_GND_18_o_add_1_OUT> created at line 70.
    Found 4x4-bit Read Only RAM for signal <common_out>
    Found 8-bit 4-to-1 multiplexer for signal <seg_out> created at line 76.
    Summary:
	inferred   1 RAM(s).
	inferred   1 Adder/Subtractor(s).
	inferred   2 D-type flip-flop(s).
	inferred   2 Multiplexer(s).
Unit <SegmentTimerMultiplexer> synthesized.

Synthesizing Unit <SegmentSerialDisplay>.
    Related source file is "C:\Users\Predator\Desktop\Learning Resources\DigitalSystem\KTANE_Main\SegmentSerialDisplay.vhd".
    Summary:
	no macro.
Unit <SegmentSerialDisplay> synthesized.

Synthesizing Unit <CharacterIn7Seg>.
    Related source file is "C:\Users\Predator\Desktop\Learning Resources\DigitalSystem\KTANE_Main\CharacterIn7Seg.vhd".
    Found 4x8-bit Read Only RAM for signal <segment_out>
    Summary:
	inferred   1 RAM(s).
Unit <CharacterIn7Seg> synthesized.

Synthesizing Unit <SegmentSerialMultiplexer>.
    Related source file is "C:\Users\Predator\Desktop\Learning Resources\DigitalSystem\KTANE_Main\SegmentSerialMultiplexer.vhd".
    Found 2-bit register for signal <count>.
    Found 2-bit adder for signal <count[1]_GND_21_o_add_1_OUT> created at line 70.
    Found 4x4-bit Read Only RAM for signal <common_out>
    Found 8-bit 4-to-1 multiplexer for signal <seg_out> created at line 76.
    Summary:
	inferred   1 RAM(s).
	inferred   1 Adder/Subtractor(s).
	inferred   2 D-type flip-flop(s).
	inferred   2 Multiplexer(s).
Unit <SegmentSerialMultiplexer> synthesized.

Synthesizing Unit <StrikeCounter>.
    Related source file is "C:\Users\Predator\Desktop\Learning Resources\DigitalSystem\KTANE_Main\StrikeCounter.vhd".
    Found 2-bit register for signal <count>.
    Found 2-bit adder for signal <count[1]_GND_22_o_add_1_OUT> created at line 56.
    Summary:
	inferred   1 Adder/Subtractor(s).
	inferred   2 D-type flip-flop(s).
	inferred   1 Multiplexer(s).
Unit <StrikeCounter> synthesized.

Synthesizing Unit <WinChecker>.
    Related source file is "C:\Users\Predator\Desktop\Learning Resources\DigitalSystem\KTANE_Main\WinChecker.vhd".
    Summary:
	no macro.
Unit <WinChecker> synthesized.

Synthesizing Unit <LFSRRandom>.
    Related source file is "C:\Users\Predator\Desktop\Learning Resources\DigitalSystem\KTANE_Main\LFSRRandomNumberGenerator.vhd".
    Found 8-bit register for signal <Qt>.
    Summary:
	inferred   8 D-type flip-flop(s).
Unit <LFSRRandom> synthesized.

Synthesizing Unit <WinSegmentDisplay>.
    Related source file is "C:\Users\Predator\Desktop\Learning Resources\DigitalSystem\KTANE_Main\WinSegmentDisplay.vhd".
    Summary:
	no macro.
Unit <WinSegmentDisplay> synthesized.

Synthesizing Unit <LoseSegmentDisplay>.
    Related source file is "C:\Users\Predator\Desktop\Learning Resources\DigitalSystem\KTANE_Main\LoseSegmentDisplay.vhd".
    Summary:
	no macro.
Unit <LoseSegmentDisplay> synthesized.

=========================================================================
HDL Synthesis Report

Macro Statistics
# RAMs                                                 : 12
 16x8-bit single-port Read Only RAM                    : 3
 4x2-bit single-port Read Only RAM                     : 1
 4x4-bit single-port Read Only RAM                     : 4
 4x8-bit single-port Read Only RAM                     : 4
# Adders/Subtractors                                   : 14
 16-bit adder                                          : 6
 2-bit adder                                           : 5
 24-bit adder                                          : 1
 4-bit subtractor                                      : 2
# Registers                                            : 78
 1-bit register                                        : 59
 16-bit register                                       : 6
 2-bit register                                        : 5
 24-bit register                                       : 1
 4-bit register                                        : 3
 5-bit register                                        : 2
 8-bit register                                        : 2
# Comparators                                          : 2
 2-bit comparator lessequal                            : 1
 4-bit comparator equal                                : 1
# Multiplexers                                         : 29
 1-bit 2-to-1 multiplexer                              : 2
 16-bit 2-to-1 multiplexer                             : 6
 2-bit 2-to-1 multiplexer                              : 5
 24-bit 2-to-1 multiplexer                             : 1
 4-bit 2-to-1 multiplexer                              : 7
 8-bit 2-to-1 multiplexer                              : 4
 8-bit 4-to-1 multiplexer                              : 4
# FSMs                                                 : 3
# Xors                                                 : 1
 1-bit xor4                                            : 1

=========================================================================

=========================================================================
*                       Advanced HDL Synthesis                          *
=========================================================================

INFO:Xst:2261 - The FF/Latch <win> in Unit <BigButton> is equivalent to the following FF/Latch, which will be removed : <winLED> 

Synthesizing (advanced) Unit <BCDto7Seg>.
INFO:Xst:3218 - HDL ADVISOR - The RAM <Mram_segments> will be implemented on LUTs either because you have described an asynchronous read or because of currently unsupported block RAM features. If you have described an asynchronous read, making it synchronous would allow you to take advantage of available block RAM resources, for optimized device usage and improved timings. Please refer to your documentation for coding guidelines.
    -----------------------------------------------------------------------
    | ram_type           | Distributed                         |          |
    -----------------------------------------------------------------------
    | Port A                                                              |
    |     aspect ratio   | 16-word x 8-bit                     |          |
    |     weA            | connected to signal <GND>           | high     |
    |     addrA          | connected to signal <bcd>           |          |
    |     diA            | connected to signal <GND>           |          |
    |     doA            | connected to signal <segments>      |          |
    -----------------------------------------------------------------------
Unit <BCDto7Seg> synthesized (advanced).

Synthesizing (advanced) Unit <CharacterIn7Seg>.
INFO:Xst:3218 - HDL ADVISOR - The RAM <Mram_segment_out> will be implemented on LUTs either because you have described an asynchronous read or because of currently unsupported block RAM features. If you have described an asynchronous read, making it synchronous would allow you to take advantage of available block RAM resources, for optimized device usage and improved timings. Please refer to your documentation for coding guidelines.
    -----------------------------------------------------------------------
    | ram_type           | Distributed                         |          |
    -----------------------------------------------------------------------
    | Port A                                                              |
    |     aspect ratio   | 4-word x 8-bit                      |          |
    |     weA            | connected to signal <GND>           | high     |
    |     addrA          | connected to signal <sel>           |          |
    |     diA            | connected to signal <GND>           |          |
    |     doA            | connected to signal <segment_out>   |          |
    -----------------------------------------------------------------------
Unit <CharacterIn7Seg> synthesized (advanced).

Synthesizing (advanced) Unit <ClockDivider100K>.
The following registers are absorbed into counter <count>: 1 register on signal <count>.
Unit <ClockDivider100K> synthesized (advanced).

Synthesizing (advanced) Unit <ClockDivider20M>.
The following registers are absorbed into counter <count>: 1 register on signal <count>.
Unit <ClockDivider20M> synthesized (advanced).

Synthesizing (advanced) Unit <CountdownTimer_130>.
The following registers are absorbed into counter <sec2>: 1 register on signal <sec2>.
Unit <CountdownTimer_130> synthesized (advanced).

Synthesizing (advanced) Unit <KTANE_Main>.
INFO:Xst:3218 - HDL ADVISOR - The RAM <Mram_strikeLED> will be implemented on LUTs either because you have described an asynchronous read or because of currently unsupported block RAM features. If you have described an asynchronous read, making it synchronous would allow you to take advantage of available block RAM resources, for optimized device usage and improved timings. Please refer to your documentation for coding guidelines.
    -----------------------------------------------------------------------
    | ram_type           | Distributed                         |          |
    -----------------------------------------------------------------------
    | Port A                                                              |
    |     aspect ratio   | 4-word x 2-bit                      |          |
    |     weA            | connected to signal <GND>           | high     |
    |     addrA          | connected to signal <strikeCount>   |          |
    |     diA            | connected to signal <GND>           |          |
    |     doA            | connected to signal <strikeLED>     |          |
    -----------------------------------------------------------------------
Unit <KTANE_Main> synthesized (advanced).

Synthesizing (advanced) Unit <SegmentSerialMultiplexer>.
INFO:Xst:3231 - The small RAM <Mram_common_out> will be implemented on LUTs in order to maximize performance and save block RAM resources. If you want to force its implementation on block, use option/constraint ram_style.
    -----------------------------------------------------------------------
    | ram_type           | Distributed                         |          |
    -----------------------------------------------------------------------
    | Port A                                                              |
    |     aspect ratio   | 4-word x 4-bit                      |          |
    |     weA            | connected to signal <GND>           | high     |
    |     addrA          | connected to signal <count>         |          |
    |     diA            | connected to signal <GND>           |          |
    |     doA            | connected to signal <common_out>    |          |
    -----------------------------------------------------------------------
Unit <SegmentSerialMultiplexer> synthesized (advanced).

Synthesizing (advanced) Unit <SegmentTimerMultiplexer>.
The following registers are absorbed into counter <count>: 1 register on signal <count>.
INFO:Xst:3218 - HDL ADVISOR - The RAM <Mram_common_out> will be implemented on LUTs either because you have described an asynchronous read or because of currently unsupported block RAM features. If you have described an asynchronous read, making it synchronous would allow you to take advantage of available block RAM resources, for optimized device usage and improved timings. Please refer to your documentation for coding guidelines.
    -----------------------------------------------------------------------
    | ram_type           | Distributed                         |          |
    -----------------------------------------------------------------------
    | Port A                                                              |
    |     aspect ratio   | 4-word x 4-bit                      |          |
    |     weA            | connected to signal <GND>           | high     |
    |     addrA          | connected to signal <count>         |          |
    |     diA            | connected to signal <GND>           |          |
    |     doA            | connected to signal <common_out>    |          |
    -----------------------------------------------------------------------
Unit <SegmentTimerMultiplexer> synthesized (advanced).

=========================================================================
Advanced HDL Synthesis Report

Macro Statistics
# RAMs                                                 : 12
 16x8-bit single-port distributed Read Only RAM        : 3
 4x2-bit single-port distributed Read Only RAM         : 1
 4x4-bit single-port distributed Read Only RAM         : 4
 4x8-bit single-port distributed Read Only RAM         : 4
# Adders/Subtractors                                   : 5
 2-bit adder                                           : 4
 4-bit subtractor                                      : 1
# Counters                                             : 9
 16-bit up counter                                     : 6
 2-bit up counter                                      : 1
 24-bit up counter                                     : 1
 4-bit down counter                                    : 1
# Registers                                            : 101
 Flip-Flops                                            : 101
# Comparators                                          : 2
 2-bit comparator lessequal                            : 1
 4-bit comparator equal                                : 1
# Multiplexers                                         : 16
 1-bit 2-to-1 multiplexer                              : 2
 4-bit 2-to-1 multiplexer                              : 6
 8-bit 2-to-1 multiplexer                              : 4
 8-bit 4-to-1 multiplexer                              : 4
# FSMs                                                 : 3
# Xors                                                 : 1
 1-bit xor4                                            : 1

=========================================================================

=========================================================================
*                         Low Level Synthesis                           *
=========================================================================
INFO:Xst:2261 - The FF/Latch <win> in Unit <KTANE_BigButton> is equivalent to the following FF/Latch, which will be removed : <winLED> 
Analyzing FSM <MFsm> for best encoding.
Optimizing FSM <BigButton/FSM_0> on signal <currentState[1:3]> with gray encoding.
-------------------
 State | Encoding
-------------------
 00001 | 000
 00010 | 001
 00100 | 011
 01000 | 010
 10000 | 110
-------------------
Analyzing FSM <MFsm> for best encoding.
Optimizing FSM <Main/FSM_1> on signal <currentState[1:5]> with user encoding.
-------------------
 State | Encoding
-------------------
 00001 | 00001
 10000 | 10000
 00010 | 00010
 00100 | 00100
 01000 | 01000
-------------------
Analyzing FSM <MFsm> for best encoding.
Optimizing FSM <Main/Segment/Timer/FSM_2> on signal <min[1:1]> with sequential encoding.
-------------------
 State | Encoding
-------------------
 0001  | 0
 0000  | 1
-------------------
INFO:Xst:2261 - The FF/Latch <resetModule_0> in Unit <KTANE_Main> is equivalent to the following 4 FFs/Latches, which will be removed : <resetModule_1> <resetModule_2> <resetModule_3> <resetModule_4> 
INFO:Xst:2261 - The FF/Latch <enableGame_0> in Unit <KTANE_Main> is equivalent to the following 4 FFs/Latches, which will be removed : <enableGame_1> <enableGame_2> <enableGame_3> <enableGame_4> 

Optimizing unit <MainAndBigButtonWrapper> ...

Optimizing unit <KTANE_BigButton> ...

Optimizing unit <DebounceButton> ...

Optimizing unit <KTANE_Main> ...

Optimizing unit <CountdownTimer_130> ...
WARNING:Xst:1293 - FF/Latch <sec1_3> has a constant value of 0 in block <CountdownTimer_130>. This FF/Latch will be trimmed during the optimization process.
WARNING:Xst:1293 - FF/Latch <sec1_3> has a constant value of 0 in block <CountdownTimer_130>. This FF/Latch will be trimmed during the optimization process.

Optimizing unit <LFSRRandom> ...
INFO:Xst:2261 - The FF/Latch <BigButton/ButtonOneShot/ClockDivider/count_10> in Unit <MainAndBigButtonWrapper> is equivalent to the following FF/Latch, which will be removed : <BigButton/StrikeShot/ClockDivider/count_10> 
INFO:Xst:2261 - The FF/Latch <BigButton/ButtonOneShot/ClockDivider/count_11> in Unit <MainAndBigButtonWrapper> is equivalent to the following FF/Latch, which will be removed : <BigButton/StrikeShot/ClockDivider/count_11> 
INFO:Xst:2261 - The FF/Latch <BigButton/ButtonOneShot/ClockDivider/count_12> in Unit <MainAndBigButtonWrapper> is equivalent to the following FF/Latch, which will be removed : <BigButton/StrikeShot/ClockDivider/count_12> 
INFO:Xst:2261 - The FF/Latch <BigButton/ButtonOneShot/ClockDivider/count_13> in Unit <MainAndBigButtonWrapper> is equivalent to the following FF/Latch, which will be removed : <BigButton/StrikeShot/ClockDivider/count_13> 
INFO:Xst:2261 - The FF/Latch <BigButton/ButtonOneShot/ClockDivider/count_14> in Unit <MainAndBigButtonWrapper> is equivalent to the following FF/Latch, which will be removed : <BigButton/StrikeShot/ClockDivider/count_14> 
INFO:Xst:2261 - The FF/Latch <BigButton/ButtonOneShot/ClockDivider/count_15> in Unit <MainAndBigButtonWrapper> is equivalent to the following FF/Latch, which will be removed : <BigButton/StrikeShot/ClockDivider/count_15> 
INFO:Xst:2261 - The FF/Latch <BigButton/ButtonOneShot/ClockDivider/tmp> in Unit <MainAndBigButtonWrapper> is equivalent to the following FF/Latch, which will be removed : <BigButton/StrikeShot/ClockDivider/tmp> 
INFO:Xst:2261 - The FF/Latch <Main/WinDisplay/Segment/ClockDivider/count_0> in Unit <MainAndBigButtonWrapper> is equivalent to the following 2 FFs/Latches, which will be removed : <Main/SegmentSerial/Multiplex/ClockDivider/count_0> <Main/LoseDisplay/Segment/ClockDivider/count_0> 
INFO:Xst:2261 - The FF/Latch <Main/WinDisplay/Segment/ClockDivider/count_1> in Unit <MainAndBigButtonWrapper> is equivalent to the following 2 FFs/Latches, which will be removed : <Main/SegmentSerial/Multiplex/ClockDivider/count_1> <Main/LoseDisplay/Segment/ClockDivider/count_1> 
INFO:Xst:2261 - The FF/Latch <Main/WinDisplay/Segment/ClockDivider/count_2> in Unit <MainAndBigButtonWrapper> is equivalent to the following 2 FFs/Latches, which will be removed : <Main/SegmentSerial/Multiplex/ClockDivider/count_2> <Main/LoseDisplay/Segment/ClockDivider/count_2> 
INFO:Xst:2261 - The FF/Latch <Main/WinDisplay/Segment/ClockDivider/count_3> in Unit <MainAndBigButtonWrapper> is equivalent to the following 2 FFs/Latches, which will be removed : <Main/SegmentSerial/Multiplex/ClockDivider/count_3> <Main/LoseDisplay/Segment/ClockDivider/count_3> 
INFO:Xst:2261 - The FF/Latch <Main/WinDisplay/Segment/ClockDivider/count_4> in Unit <MainAndBigButtonWrapper> is equivalent to the following 2 FFs/Latches, which will be removed : <Main/SegmentSerial/Multiplex/ClockDivider/count_4> <Main/LoseDisplay/Segment/ClockDivider/count_4> 
INFO:Xst:2261 - The FF/Latch <Main/WinDisplay/Segment/ClockDivider/count_5> in Unit <MainAndBigButtonWrapper> is equivalent to the following 2 FFs/Latches, which will be removed : <Main/SegmentSerial/Multiplex/ClockDivider/count_5> <Main/LoseDisplay/Segment/ClockDivider/count_5> 
INFO:Xst:2261 - The FF/Latch <Main/WinDisplay/Segment/ClockDivider/count_6> in Unit <MainAndBigButtonWrapper> is equivalent to the following 2 FFs/Latches, which will be removed : <Main/SegmentSerial/Multiplex/ClockDivider/count_6> <Main/LoseDisplay/Segment/ClockDivider/count_6> 
INFO:Xst:2261 - The FF/Latch <Main/WinDisplay/Segment/ClockDivider/count_7> in Unit <MainAndBigButtonWrapper> is equivalent to the following 2 FFs/Latches, which will be removed : <Main/SegmentSerial/Multiplex/ClockDivider/count_7> <Main/LoseDisplay/Segment/ClockDivider/count_7> 
INFO:Xst:2261 - The FF/Latch <Main/WinDisplay/Segment/ClockDivider/count_8> in Unit <MainAndBigButtonWrapper> is equivalent to the following 2 FFs/Latches, which will be removed : <Main/SegmentSerial/Multiplex/ClockDivider/count_8> <Main/LoseDisplay/Segment/ClockDivider/count_8> 
INFO:Xst:2261 - The FF/Latch <Main/WinDisplay/Segment/ClockDivider/count_9> in Unit <MainAndBigButtonWrapper> is equivalent to the following 2 FFs/Latches, which will be removed : <Main/SegmentSerial/Multiplex/ClockDivider/count_9> <Main/LoseDisplay/Segment/ClockDivider/count_9> 
INFO:Xst:2261 - The FF/Latch <BigButton/ButtonOneShot/ClockDivider/count_0> in Unit <MainAndBigButtonWrapper> is equivalent to the following FF/Latch, which will be removed : <BigButton/StrikeShot/ClockDivider/count_0> 
INFO:Xst:2261 - The FF/Latch <BigButton/ButtonOneShot/ClockDivider/count_1> in Unit <MainAndBigButtonWrapper> is equivalent to the following FF/Latch, which will be removed : <BigButton/StrikeShot/ClockDivider/count_1> 
INFO:Xst:2261 - The FF/Latch <BigButton/ButtonOneShot/ClockDivider/count_2> in Unit <MainAndBigButtonWrapper> is equivalent to the following FF/Latch, which will be removed : <BigButton/StrikeShot/ClockDivider/count_2> 
INFO:Xst:2261 - The FF/Latch <BigButton/ButtonOneShot/ClockDivider/count_3> in Unit <MainAndBigButtonWrapper> is equivalent to the following FF/Latch, which will be removed : <BigButton/StrikeShot/ClockDivider/count_3> 
INFO:Xst:2261 - The FF/Latch <BigButton/ButtonOneShot/ClockDivider/count_4> in Unit <MainAndBigButtonWrapper> is equivalent to the following FF/Latch, which will be removed : <BigButton/StrikeShot/ClockDivider/count_4> 
INFO:Xst:2261 - The FF/Latch <BigButton/ButtonOneShot/ClockDivider/count_5> in Unit <MainAndBigButtonWrapper> is equivalent to the following FF/Latch, which will be removed : <BigButton/StrikeShot/ClockDivider/count_5> 
INFO:Xst:2261 - The FF/Latch <BigButton/ButtonOneShot/ClockDivider/count_6> in Unit <MainAndBigButtonWrapper> is equivalent to the following FF/Latch, which will be removed : <BigButton/StrikeShot/ClockDivider/count_6> 
INFO:Xst:2261 - The FF/Latch <BigButton/ButtonOneShot/ClockDivider/count_7> in Unit <MainAndBigButtonWrapper> is equivalent to the following FF/Latch, which will be removed : <BigButton/StrikeShot/ClockDivider/count_7> 
INFO:Xst:2261 - The FF/Latch <BigButton/ButtonOneShot/ClockDivider/count_8> in Unit <MainAndBigButtonWrapper> is equivalent to the following FF/Latch, which will be removed : <BigButton/StrikeShot/ClockDivider/count_8> 
INFO:Xst:2261 - The FF/Latch <BigButton/ButtonOneShot/ClockDivider/count_9> in Unit <MainAndBigButtonWrapper> is equivalent to the following FF/Latch, which will be removed : <BigButton/StrikeShot/ClockDivider/count_9> 
INFO:Xst:2261 - The FF/Latch <Main/WinDisplay/Segment/ClockDivider/count_10> in Unit <MainAndBigButtonWrapper> is equivalent to the following 2 FFs/Latches, which will be removed : <Main/SegmentSerial/Multiplex/ClockDivider/count_10> <Main/LoseDisplay/Segment/ClockDivider/count_10> 
INFO:Xst:2261 - The FF/Latch <Main/WinDisplay/Segment/ClockDivider/count_11> in Unit <MainAndBigButtonWrapper> is equivalent to the following 2 FFs/Latches, which will be removed : <Main/SegmentSerial/Multiplex/ClockDivider/count_11> <Main/LoseDisplay/Segment/ClockDivider/count_11> 
INFO:Xst:2261 - The FF/Latch <Main/WinDisplay/Segment/ClockDivider/count_12> in Unit <MainAndBigButtonWrapper> is equivalent to the following 2 FFs/Latches, which will be removed : <Main/SegmentSerial/Multiplex/ClockDivider/count_12> <Main/LoseDisplay/Segment/ClockDivider/count_12> 
INFO:Xst:2261 - The FF/Latch <Main/WinDisplay/Segment/ClockDivider/count_13> in Unit <MainAndBigButtonWrapper> is equivalent to the following 2 FFs/Latches, which will be removed : <Main/SegmentSerial/Multiplex/ClockDivider/count_13> <Main/LoseDisplay/Segment/ClockDivider/count_13> 
INFO:Xst:2261 - The FF/Latch <Main/WinDisplay/Segment/ClockDivider/count_14> in Unit <MainAndBigButtonWrapper> is equivalent to the following 2 FFs/Latches, which will be removed : <Main/SegmentSerial/Multiplex/ClockDivider/count_14> <Main/LoseDisplay/Segment/ClockDivider/count_14> 
INFO:Xst:2261 - The FF/Latch <Main/WinDisplay/Segment/ClockDivider/count_15> in Unit <MainAndBigButtonWrapper> is equivalent to the following 2 FFs/Latches, which will be removed : <Main/SegmentSerial/Multiplex/ClockDivider/count_15> <Main/LoseDisplay/Segment/ClockDivider/count_15> 
INFO:Xst:2261 - The FF/Latch <Main/SegmentSerial/Multiplex/ClockDivider/tmp> in Unit <MainAndBigButtonWrapper> is equivalent to the following 2 FFs/Latches, which will be removed : <Main/WinDisplay/Segment/ClockDivider/tmp> <Main/LoseDisplay/Segment/ClockDivider/tmp> 

Mapping all equations...
Building and optimizing final netlist ...
Found area constraint ratio of 100 (+ 5) on block MainAndBigButtonWrapper, actual ratio is 6.

Final Macro Processing ...

=========================================================================
Final Register Report

Macro Statistics
# Registers                                            : 175
 Flip-Flops                                            : 175

=========================================================================

=========================================================================
*                           Partition Report                            *
=========================================================================

Partition Implementation Status
-------------------------------

  No Partitions were found in this design.

-------------------------------

=========================================================================
*                            Design Summary                             *
=========================================================================

Top Level Output File Name         : MainAndBigButtonWrapper.ngc

Primitive and Black Box Usage:
------------------------------
# BELS                             : 426
#      GND                         : 1
#      INV                         : 10
#      LUT1                        : 68
#      LUT2                        : 70
#      LUT3                        : 9
#      LUT4                        : 17
#      LUT5                        : 47
#      LUT6                        : 58
#      MUXCY                       : 68
#      MUXF7                       : 5
#      VCC                         : 1
#      XORCY                       : 72
# FlipFlops/Latches                : 175
#      FD                          : 65
#      FDC                         : 78
#      FDC_1                       : 2
#      FDCE                        : 6
#      FDCE_1                      : 1
#      FDE                         : 19
#      FDP                         : 2
#      FDPE_1                      : 2
# Clock Buffers                    : 1
#      BUFGP                       : 1
# IO Buffers                       : 42
#      IBUF                        : 12
#      OBUF                        : 30

Device utilization summary:
---------------------------

Selected Device : 6slx9tqg144-3 


Slice Logic Utilization: 
 Number of Slice Registers:             175  out of  11440     1%  
 Number of Slice LUTs:                  279  out of   5720     4%  
    Number used as Logic:               279  out of   5720     4%  

Slice Logic Distribution: 
 Number of LUT Flip Flop pairs used:    320
   Number with an unused Flip Flop:     145  out of    320    45%  
   Number with an unused LUT:            41  out of    320    12%  
   Number of fully used LUT-FF pairs:   134  out of    320    41%  
   Number of unique control sets:        17

IO Utilization: 
 Number of IOs:                          43
 Number of bonded IOBs:                  43  out of    102    42%  

Specific Feature Utilization:
 Number of BUFG/BUFGCTRLs:                1  out of     16     6%  

---------------------------
Partition Resource Summary:
---------------------------

  No Partitions were found in this design.

---------------------------


=========================================================================
Timing Report

NOTE: THESE TIMING NUMBERS ARE ONLY A SYNTHESIS ESTIMATE.
      FOR ACCURATE TIMING INFORMATION PLEASE REFER TO THE TRACE REPORT
      GENERATED AFTER PLACE-and-ROUTE.

Clock Information:
------------------
------------------------------------------------------------+-------------------------------------------+-------+
Clock Signal                                                | Clock buffer(FF name)                     | Load  |
------------------------------------------------------------+-------------------------------------------+-------+
clk                                                         | BUFGP                                     | 152   |
BigButton/ButtonOneShot/ClockDivider/tmp                    | NONE(BigButton/StrikeShot/d1)             | 4     |
Main/Segment/Multiplex/ClockDivider/tmp                     | NONE(Main/Segment/Multiplex/count_1)      | 2     |
Main/SegmentSerial/Multiplex/ClockDivider/tmp               | NONE(Main/SegmentSerial/Multiplex/count_0)| 6     |
Main/StrikeResult/isStrike(Main/StrikeResult/isStrike<0>1:O)| NONE(*)(Main/StrikeResult/count_0)        | 2     |
Main/Segment/Timer/ClockDivider/tmp                         | NONE(Main/Segment/Timer/sec2_3)           | 9     |
------------------------------------------------------------+-------------------------------------------+-------+
(*) This 1 clock signal(s) are generated by combinatorial logic,
and XST is not able to identify which are the primary clock signals.
Please use the CLOCK_SIGNAL constraint to specify the clock signal(s) generated by combinatorial logic.
INFO:Xst:2169 - HDL ADVISOR - Some clock signals were not automatically buffered by XST with BUFG/BUFR resources. Please use the buffer_type constraint in order to insert these buffers to the clock signals to help prevent skew problems.

Asynchronous Control Signals Information:
----------------------------------------
No asynchronous control signals found in this design

Timing Summary:
---------------
Speed Grade: -3

   Minimum period: 4.069ns (Maximum Frequency: 245.773MHz)
   Minimum input arrival time before clock: 3.501ns
   Maximum output required time after clock: 4.619ns
   Maximum combinational path delay: No path found

Timing Details:
---------------
All values displayed in nanoseconds (ns)

=========================================================================
Timing constraint: Default period analysis for Clock 'clk'
  Clock period: 4.069ns (frequency: 245.773MHz)
  Total number of paths / destination ports: 3407 / 241
-------------------------------------------------------------------------
Delay:               4.069ns (Levels of Logic = 2)
  Source:            Main/ResetDebounce/d8 (FF)
  Destination:       Main/WinDisplay/Segment/ClockDivider/count_15 (FF)
  Source Clock:      clk rising
  Destination Clock: clk rising

  Data Path: Main/ResetDebounce/d8 to Main/WinDisplay/Segment/ClockDivider/count_15
                                Gate     Net
    Cell:in->out      fanout   Delay   Delay  Logical Name (Net Name)
    ----------------------------------------  ------------
     FD:C->Q               2   0.447   0.961  Main/ResetDebounce/d8 (Main/ResetDebounce/d8)
     LUT5:I0->O            7   0.203   0.774  Main/ResetDebounce/deb_inp_SW0 (N8)
     LUT6:I5->O           18   0.205   1.049  Main/ResetDebounce/deb_inp_1 (Main/ResetDebounce/deb_inp)
     FDC:CLR                   0.430          Main/currentState_FSM_FFd1
    ----------------------------------------
    Total                      4.069ns (1.285ns logic, 2.784ns route)
                                       (31.6% logic, 68.4% route)

=========================================================================
Timing constraint: Default period analysis for Clock 'BigButton/ButtonOneShot/ClockDivider/tmp'
  Clock period: 1.199ns (frequency: 833.854MHz)
  Total number of paths / destination ports: 2 / 2
-------------------------------------------------------------------------
Delay:               1.199ns (Levels of Logic = 0)
  Source:            BigButton/ButtonOneShot/d1 (FF)
  Destination:       BigButton/ButtonOneShot/d2 (FF)
  Source Clock:      BigButton/ButtonOneShot/ClockDivider/tmp rising
  Destination Clock: BigButton/ButtonOneShot/ClockDivider/tmp rising

  Data Path: BigButton/ButtonOneShot/d1 to BigButton/ButtonOneShot/d2
                                Gate     Net
    Cell:in->out      fanout   Delay   Delay  Logical Name (Net Name)
    ----------------------------------------  ------------
     FD:C->Q               3   0.447   0.650  BigButton/ButtonOneShot/d1 (BigButton/ButtonOneShot/d1)
     FD:D                      0.102          BigButton/ButtonOneShot/d2
    ----------------------------------------
    Total                      1.199ns (0.549ns logic, 0.650ns route)
                                       (45.8% logic, 54.2% route)

=========================================================================
Timing constraint: Default period analysis for Clock 'Main/Segment/Multiplex/ClockDivider/tmp'
  Clock period: 2.361ns (frequency: 423.612MHz)
  Total number of paths / destination ports: 3 / 2
-------------------------------------------------------------------------
Delay:               2.361ns (Levels of Logic = 1)
  Source:            Main/Segment/Multiplex/count_0 (FF)
  Destination:       Main/Segment/Multiplex/count_0 (FF)
  Source Clock:      Main/Segment/Multiplex/ClockDivider/tmp rising
  Destination Clock: Main/Segment/Multiplex/ClockDivider/tmp rising

  Data Path: Main/Segment/Multiplex/count_0 to Main/Segment/Multiplex/count_0
                                Gate     Net
    Cell:in->out      fanout   Delay   Delay  Logical Name (Net Name)
    ----------------------------------------  ------------
     FDC:C->Q             17   0.447   1.027  Main/Segment/Multiplex/count_0 (Main/Segment/Multiplex/count_0)
     INV:I->O              1   0.206   0.579  Main/Segment/Multiplex/Mcount_count_xor<0>11_INV_0 (Main/Segment/Multiplex/Mcount_count)
     FDC:D                     0.102          Main/Segment/Multiplex/count_0
    ----------------------------------------
    Total                      2.361ns (0.755ns logic, 1.606ns route)
                                       (32.0% logic, 68.0% route)

=========================================================================
Timing constraint: Default period analysis for Clock 'Main/SegmentSerial/Multiplex/ClockDivider/tmp'
  Clock period: 2.291ns (frequency: 436.500MHz)
  Total number of paths / destination ports: 9 / 6
-------------------------------------------------------------------------
Delay:               2.291ns (Levels of Logic = 1)
  Source:            Main/SegmentSerial/Multiplex/count_0 (FF)
  Destination:       Main/SegmentSerial/Multiplex/count_0 (FF)
  Source Clock:      Main/SegmentSerial/Multiplex/ClockDivider/tmp rising
  Destination Clock: Main/SegmentSerial/Multiplex/ClockDivider/tmp rising

  Data Path: Main/SegmentSerial/Multiplex/count_0 to Main/SegmentSerial/Multiplex/count_0
                                Gate     Net
    Cell:in->out      fanout   Delay   Delay  Logical Name (Net Name)
    ----------------------------------------  ------------
     FDC:C->Q             14   0.447   0.957  Main/SegmentSerial/Multiplex/count_0 (Main/SegmentSerial/Multiplex/count_0)
     INV:I->O              1   0.206   0.579  Main/SegmentSerial/Multiplex/Mmux_count[1]_GND_21_o_mux_2_OUT11_INV_0 (Main/SegmentSerial/Multiplex/count[1]_GND_21_o_mux_2_OUT<0>)
     FDC:D                     0.102          Main/SegmentSerial/Multiplex/count_0
    ----------------------------------------
    Total                      2.291ns (0.755ns logic, 1.536ns route)
                                       (33.0% logic, 67.0% route)

=========================================================================
Timing constraint: Default period analysis for Clock 'Main/StrikeResult/isStrike'
  Clock period: 2.048ns (frequency: 488.317MHz)
  Total number of paths / destination ports: 3 / 2
-------------------------------------------------------------------------
Delay:               2.048ns (Levels of Logic = 1)
  Source:            Main/StrikeResult/count_0 (FF)
  Destination:       Main/StrikeResult/count_0 (FF)
  Source Clock:      Main/StrikeResult/isStrike rising
  Destination Clock: Main/StrikeResult/isStrike rising

  Data Path: Main/StrikeResult/count_0 to Main/StrikeResult/count_0
                                Gate     Net
    Cell:in->out      fanout   Delay   Delay  Logical Name (Net Name)
    ----------------------------------------  ------------
     FDC:C->Q              5   0.447   0.714  Main/StrikeResult/count_0 (Main/StrikeResult/count_0)
     INV:I->O              1   0.206   0.579  Main/StrikeResult/Mmux_count[1]_GND_22_o_mux_2_OUT11_INV_0 (Main/StrikeResult/count[1]_GND_22_o_mux_2_OUT<0>)
     FDC:D                     0.102          Main/StrikeResult/count_0
    ----------------------------------------
    Total                      2.048ns (0.755ns logic, 1.293ns route)
                                       (36.9% logic, 63.1% route)

=========================================================================
Timing constraint: Default period analysis for Clock 'Main/Segment/Timer/ClockDivider/tmp'
  Clock period: 3.165ns (frequency: 315.996MHz)
  Total number of paths / destination ports: 72 / 12
-------------------------------------------------------------------------
Delay:               3.165ns (Levels of Logic = 2)
  Source:            Main/Segment/Timer/sec2_3 (FF)
  Destination:       Main/Segment/Timer/sec2_3 (FF)
  Source Clock:      Main/Segment/Timer/ClockDivider/tmp falling
  Destination Clock: Main/Segment/Timer/ClockDivider/tmp falling

  Data Path: Main/Segment/Timer/sec2_3 to Main/Segment/Timer/sec2_3
                                Gate     Net
    Cell:in->out      fanout   Delay   Delay  Logical Name (Net Name)
    ----------------------------------------  ------------
     FDCE:C->Q            16   0.447   1.233  Main/Segment/Timer/sec2_3 (Main/Segment/Timer/sec2_3)
     LUT4:I1->O            6   0.205   0.973  Main/Segment/Timer/sec2[3]_GND_14_o_equal_1_o<3>1 (Main/Segment/Timer/sec2[3]_GND_14_o_equal_1_o)
     LUT6:I3->O            1   0.205   0.000  Main/Segment/Timer/Mcount_sec2_xor<3>11 (Main/Segment/Timer/Mcount_sec23)
     FDCE:D                    0.102          Main/Segment/Timer/sec2_3
    ----------------------------------------
    Total                      3.165ns (0.959ns logic, 2.206ns route)
                                       (30.3% logic, 69.7% route)

=========================================================================
Timing constraint: Default OFFSET IN BEFORE for Clock 'clk'
  Total number of paths / destination ports: 12 / 6
-------------------------------------------------------------------------
Offset:              3.501ns (Levels of Logic = 3)
  Source:            win<0> (PAD)
  Destination:       Main/currentState_FSM_FFd4 (FF)
  Destination Clock: clk rising

  Data Path: win<0> to Main/currentState_FSM_FFd4
                                Gate     Net
    Cell:in->out      fanout   Delay   Delay  Logical Name (Net Name)
    ----------------------------------------  ------------
     IBUF:I->O             1   1.222   0.924  win_0_IBUF (win_0_IBUF)
     LUT5:I0->O            2   0.203   0.845  Main/CheckWin/win_out<0>1 (Main/isWin)
     LUT6:I3->O            1   0.205   0.000  Main/currentState_FSM_FFd4-In1 (Main/currentState_FSM_FFd4-In)
     FDC:D                     0.102          Main/currentState_FSM_FFd4
    ----------------------------------------
    Total                      3.501ns (1.732ns logic, 1.769ns route)
                                       (49.5% logic, 50.5% route)

=========================================================================
Timing constraint: Default OFFSET OUT AFTER for Clock 'clk'
  Total number of paths / destination ports: 28 / 28
-------------------------------------------------------------------------
Offset:              3.926ns (Levels of Logic = 1)
  Source:            Main/resetModule_0 (FF)
  Destination:       resetModule<3> (PAD)
  Source Clock:      clk rising

  Data Path: Main/resetModule_0 to resetModule<3>
                                Gate     Net
    Cell:in->out      fanout   Delay   Delay  Logical Name (Net Name)
    ----------------------------------------  ------------
     FDP:C->Q             12   0.447   0.908  Main/resetModule_0 (Main/resetModule_0)
     OBUF:I->O                 2.571          resetModule_3_OBUF (resetModule<3>)
    ----------------------------------------
    Total                      3.926ns (3.018ns logic, 0.908ns route)
                                       (76.9% logic, 23.1% route)

=========================================================================
Timing constraint: Default OFFSET OUT AFTER for Clock 'Main/StrikeResult/isStrike'
  Total number of paths / destination ports: 3 / 2
-------------------------------------------------------------------------
Offset:              4.619ns (Levels of Logic = 2)
  Source:            Main/StrikeResult/count_1 (FF)
  Destination:       strikeLED<0> (PAD)
  Source Clock:      Main/StrikeResult/isStrike rising

  Data Path: Main/StrikeResult/count_1 to strikeLED<0>
                                Gate     Net
    Cell:in->out      fanout   Delay   Delay  Logical Name (Net Name)
    ----------------------------------------  ------------
     FDC:C->Q              5   0.447   0.819  Main/StrikeResult/count_1 (Main/StrikeResult/count_1)
     LUT2:I0->O            1   0.203   0.579  Main/Mram_strikeLED11 (strikeLED_0_OBUF)
     OBUF:I->O                 2.571          strikeLED_0_OBUF (strikeLED<0>)
    ----------------------------------------
    Total                      4.619ns (3.221ns logic, 1.398ns route)
                                       (69.7% logic, 30.3% route)

=========================================================================

Cross Clock Domains Report:
--------------------------

Clock to Setup on destination clock BigButton/ButtonOneShot/ClockDivider/tmp
----------------------------------------+---------+---------+---------+---------+
                                        | Src:Rise| Src:Fall| Src:Rise| Src:Fall|
Source Clock                            |Dest:Rise|Dest:Rise|Dest:Fall|Dest:Fall|
----------------------------------------+---------+---------+---------+---------+
BigButton/ButtonOneShot/ClockDivider/tmp|    1.199|         |         |         |
clk                                     |    2.498|         |         |         |
----------------------------------------+---------+---------+---------+---------+

Clock to Setup on destination clock Main/Segment/Multiplex/ClockDivider/tmp
---------------------------------------+---------+---------+---------+---------+
                                       | Src:Rise| Src:Fall| Src:Rise| Src:Fall|
Source Clock                           |Dest:Rise|Dest:Rise|Dest:Fall|Dest:Fall|
---------------------------------------+---------+---------+---------+---------+
Main/Segment/Multiplex/ClockDivider/tmp|    2.361|         |         |         |
clk                                    |    4.069|         |         |         |
---------------------------------------+---------+---------+---------+---------+

Clock to Setup on destination clock Main/Segment/Timer/ClockDivider/tmp
-----------------------------------+---------+---------+---------+---------+
                                   | Src:Rise| Src:Fall| Src:Rise| Src:Fall|
Source Clock                       |Dest:Rise|Dest:Rise|Dest:Fall|Dest:Fall|
-----------------------------------+---------+---------+---------+---------+
Main/Segment/Timer/ClockDivider/tmp|         |         |    3.165|         |
clk                                |         |         |    4.069|         |
-----------------------------------+---------+---------+---------+---------+

Clock to Setup on destination clock Main/SegmentSerial/Multiplex/ClockDivider/tmp
---------------------------------------------+---------+---------+---------+---------+
                                             | Src:Rise| Src:Fall| Src:Rise| Src:Fall|
Source Clock                                 |Dest:Rise|Dest:Rise|Dest:Fall|Dest:Fall|
---------------------------------------------+---------+---------+---------+---------+
Main/SegmentSerial/Multiplex/ClockDivider/tmp|    2.291|         |         |         |
clk                                          |    3.902|         |         |         |
---------------------------------------------+---------+---------+---------+---------+

Clock to Setup on destination clock Main/StrikeResult/isStrike
--------------------------+---------+---------+---------+---------+
                          | Src:Rise| Src:Fall| Src:Rise| Src:Fall|
Source Clock              |Dest:Rise|Dest:Rise|Dest:Fall|Dest:Fall|
--------------------------+---------+---------+---------+---------+
Main/StrikeResult/isStrike|    2.048|         |         |         |
clk                       |    3.902|         |         |         |
--------------------------+---------+---------+---------+---------+

Clock to Setup on destination clock clk
---------------------------------------------+---------+---------+---------+---------+
                                             | Src:Rise| Src:Fall| Src:Rise| Src:Fall|
Source Clock                                 |Dest:Rise|Dest:Rise|Dest:Fall|Dest:Fall|
---------------------------------------------+---------+---------+---------+---------+
BigButton/ButtonOneShot/ClockDivider/tmp     |    2.292|         |         |         |
Main/Segment/Multiplex/ClockDivider/tmp      |    4.006|         |         |         |
Main/Segment/Timer/ClockDivider/tmp          |         |    3.986|         |         |
Main/SegmentSerial/Multiplex/ClockDivider/tmp|    3.775|         |         |         |
Main/StrikeResult/isStrike                   |    2.755|         |         |         |
clk                                          |    4.069|         |         |         |
---------------------------------------------+---------+---------+---------+---------+

=========================================================================


Total REAL time to Xst completion: 6.00 secs
Total CPU time to Xst completion: 5.68 secs
 
--> 

Total memory usage is 4512732 kilobytes

Number of errors   :    0 (   0 filtered)
Number of warnings :    2 (   0 filtered)
Number of infos    :   44 (   0 filtered)

