#-----------------------------------------------------------
# PlanAhead v14.7 (64-bit)
# Build 321239 by xbuild on Fri Sep 27 19:29:51 MDT 2013
# Start of session at: Sat Dec 12 15:49:39 2020
# Process ID: 14872
# Log file: C:/Users/Predator/Desktop/Learning Resources/DigitalSystem/KTANE_Main/planAhead_run_2/planAhead.log
# Journal file: C:/Users/Predator/Desktop/Learning Resources/DigitalSystem/KTANE_Main/planAhead_run_2/planAhead.jou
#-----------------------------------------------------------
INFO: [Common 17-78] Attempting to get a license: PlanAhead
INFO: [Common 17-290] Got license for PlanAhead
INFO: [Device 21-36] Loading parts and site information from D:/ISE/14.7/ISE_DS/PlanAhead/data/parts/arch.xml
Parsing RTL primitives file [D:/ISE/14.7/ISE_DS/PlanAhead/data/parts/xilinx/rtl/prims/rtl_prims.xml]
Finished parsing RTL primitives file [D:/ISE/14.7/ISE_DS/PlanAhead/data/parts/xilinx/rtl/prims/rtl_prims.xml]
start_gui
source {C:/Users/Predator/Desktop/Learning Resources/DigitalSystem/KTANE_Main/pa.fromHdl.tcl}
# create_project -name KTANE_Main -dir "C:/Users/Predator/Desktop/Learning Resources/DigitalSystem/KTANE_Main/planAhead_run_2" -part xc6slx9tqg144-3
# set_param project.pinAheadLayout yes
# set srcset [get_property srcset [current_run -impl]]
# set_property target_constrs_file "KTANE_Main.ucf" [current_fileset -constrset]
Adding file 'C:/Users/Predator/Desktop/Learning Resources/DigitalSystem/KTANE_Main/KTANE_Main.ucf' to fileset 'constrs_1'
# set hdlfile [add_files [list {ClockDivider20M.vhd}]]
# set_property file_type VHDL $hdlfile
# set_property library work $hdlfile
# set hdlfile [add_files [list {ClockDivider100K.vhd}]]
# set_property file_type VHDL $hdlfile
# set_property library work $hdlfile
# set hdlfile [add_files [list {SegmentTimerMultiplexer.vhd}]]
# set_property file_type VHDL $hdlfile
# set_property library work $hdlfile
# set hdlfile [add_files [list {SegmentSerialMultiplexer.vhd}]]
# set_property file_type VHDL $hdlfile
# set_property library work $hdlfile
# set hdlfile [add_files [list {CountdownTimer_130.vhd}]]
# set_property file_type VHDL $hdlfile
# set_property library work $hdlfile
# set hdlfile [add_files [list {CharacterIn7Seg.vhd}]]
# set_property file_type VHDL $hdlfile
# set_property library work $hdlfile
# set hdlfile [add_files [list {BCDto7Seg.vhd}]]
# set_property file_type VHDL $hdlfile
# set_property library work $hdlfile
# set hdlfile [add_files [list {WinSegmentDisplay.vhd}]]
# set_property file_type VHDL $hdlfile
# set_property library work $hdlfile
# set hdlfile [add_files [list {WinChecker.vhd}]]
# set_property file_type VHDL $hdlfile
# set_property library work $hdlfile
# set hdlfile [add_files [list {StrikeCounter.vhd}]]
# set_property file_type VHDL $hdlfile
# set_property library work $hdlfile
# set hdlfile [add_files [list {SegmentSerialDisplay.vhd}]]
# set_property file_type VHDL $hdlfile
# set_property library work $hdlfile
# set hdlfile [add_files [list {SegmentDisplay.vhd}]]
# set_property file_type VHDL $hdlfile
# set_property library work $hdlfile
# set hdlfile [add_files [list {LoseSegmentDisplay.vhd}]]
# set_property file_type VHDL $hdlfile
# set_property library work $hdlfile
# set hdlfile [add_files [list {LFSRRandomNumberGenerator.vhd}]]
# set_property file_type VHDL $hdlfile
# set_property library work $hdlfile
# set hdlfile [add_files [list {DebounceButton.vhd}]]
# set_property file_type VHDL $hdlfile
# set_property library work $hdlfile
# set hdlfile [add_files [list {KTANE_Main.vhd}]]
# set_property file_type VHDL $hdlfile
# set_property library work $hdlfile
# set_property top KTANE_Main $srcset
# add_files [list {KTANE_Main.ucf}] -fileset [get_property constrset [current_run]]
# open_rtl_design -part xc6slx9tqg144-3
Using Verific elaboration
Parsing VHDL file "D:/ISE/14.7/ISE_DS/PlanAhead/data/parts/xilinx/rtl/lib/synplify/synattr.vhd" into library synplify
Parsing VHDL file "D:/ISE/14.7/ISE_DS/PlanAhead/data/parts/xilinx/rtl/lib/synplify/synattr.vhd" into library synplify
Parsing VHDL file "C:/Users/Predator/Desktop/Learning Resources/DigitalSystem/KTANE_Main/ClockDivider20M.vhd" into library work
Parsing VHDL file "C:/Users/Predator/Desktop/Learning Resources/DigitalSystem/KTANE_Main/ClockDivider100K.vhd" into library work
Parsing VHDL file "C:/Users/Predator/Desktop/Learning Resources/DigitalSystem/KTANE_Main/SegmentTimerMultiplexer.vhd" into library work
Parsing VHDL file "C:/Users/Predator/Desktop/Learning Resources/DigitalSystem/KTANE_Main/SegmentSerialMultiplexer.vhd" into library work
Parsing VHDL file "C:/Users/Predator/Desktop/Learning Resources/DigitalSystem/KTANE_Main/CountdownTimer_130.vhd" into library work
Parsing VHDL file "C:/Users/Predator/Desktop/Learning Resources/DigitalSystem/KTANE_Main/CharacterIn7Seg.vhd" into library work
Parsing VHDL file "C:/Users/Predator/Desktop/Learning Resources/DigitalSystem/KTANE_Main/BCDto7Seg.vhd" into library work
Parsing VHDL file "C:/Users/Predator/Desktop/Learning Resources/DigitalSystem/KTANE_Main/WinSegmentDisplay.vhd" into library work
Parsing VHDL file "C:/Users/Predator/Desktop/Learning Resources/DigitalSystem/KTANE_Main/WinChecker.vhd" into library work
Parsing VHDL file "C:/Users/Predator/Desktop/Learning Resources/DigitalSystem/KTANE_Main/StrikeCounter.vhd" into library work
Parsing VHDL file "C:/Users/Predator/Desktop/Learning Resources/DigitalSystem/KTANE_Main/SegmentSerialDisplay.vhd" into library work
Parsing VHDL file "C:/Users/Predator/Desktop/Learning Resources/DigitalSystem/KTANE_Main/SegmentDisplay.vhd" into library work
Parsing VHDL file "C:/Users/Predator/Desktop/Learning Resources/DigitalSystem/KTANE_Main/LoseSegmentDisplay.vhd" into library work
Parsing VHDL file "C:/Users/Predator/Desktop/Learning Resources/DigitalSystem/KTANE_Main/LFSRRandomNumberGenerator.vhd" into library work
Parsing VHDL file "C:/Users/Predator/Desktop/Learning Resources/DigitalSystem/KTANE_Main/DebounceButton.vhd" into library work
Parsing VHDL file "C:/Users/Predator/Desktop/Learning Resources/DigitalSystem/KTANE_Main/KTANE_Main.vhd" into library work
Loading clock regions from D:/ISE/14.7/ISE_DS/PlanAhead/data\parts/xilinx/spartan6/spartan6lx/xc6slx9/ClockRegion.xml
Loading clock buffers from D:/ISE/14.7/ISE_DS/PlanAhead/data\parts/xilinx/spartan6/spartan6lx/xc6slx9/ClockBuffers.xml
Loading package pin functions from D:/ISE/14.7/ISE_DS/PlanAhead/data\parts/xilinx/spartan6/PinFunctions.xml...
Loading package from D:/ISE/14.7/ISE_DS/PlanAhead/data\parts/xilinx/spartan6/spartan6lx/xc6slx9/tqg144/Package.xml
Loading io standards from D:/ISE/14.7/ISE_DS/PlanAhead/data\./parts/xilinx/spartan6/IOStandards.xml
Loading device configuration modes from D:/ISE/14.7/ISE_DS/PlanAhead/data\parts/xilinx/spartan6/ConfigModes.xml
Loading list of drcs for the architecture : D:/ISE/14.7/ISE_DS/PlanAhead/data\./parts/xilinx/spartan6/drc.xml
Parsing UCF File [C:/Users/Predator/Desktop/Learning Resources/DigitalSystem/KTANE_Main/KTANE_Main.ucf]
Finished Parsing UCF File [C:/Users/Predator/Desktop/Learning Resources/DigitalSystem/KTANE_Main/KTANE_Main.ucf]
INFO: [Project 1-111] Unisim Transformation Summary:
No Unisim elements were transformed.

Phase 0 | Netlist Checksum: 65c2d102
open_rtl_design: Time (s): elapsed = 00:00:10 . Memory (MB): peak = 649.480 ; gain = 148.563
update_compile_order -fileset sim_1
exit
ERROR: [PlanAhead 12-106] *** Exception: ui.h.b: Found deleted key in HTclEventBroker. Verify if the classes listed here call cleanup()
HTclEvent: SIGNAL_MODIFY   Classes: ui.views.aR 
HTclEvent: DEBUG_PORT_CONFIG_CHANGE   Classes: ui.views.aR 
HTclEvent: SIGNAL_BUS_MODIFY   Classes: ui.views.aR 
HTclEvent: DEBUG_CORE_CONFIG_CHANGE   Classes: ui.views.aR 
 (See C:/Users/Predator/Desktop/Learning Resources/DigitalSystem/KTANE_Main\planAhead_pid14872.debug)
ERROR: [Common 17-39] 'stop_gui' failed due to earlier errors.
INFO: [Common 17-206] Exiting PlanAhead at Sat Dec 12 15:50:22 2020...
INFO: [Common 17-83] Releasing license: PlanAhead
